[INFO ] 2022-06-25T19:36:25,624 [main] Starter - Starting Starter on USHYDSHASAME1 with PID 1468 (C:\Users\shasameer\Documents\code\samples-java\Basic\cordapp-example\clients\build\classes\java\main started by shasameer in C:\Users\shasameer\Documents\code\samples-java\Basic\cordapp-example\clients)
[INFO ] 2022-06-25T19:36:25,641 [main] Starter - No active profile set, falling back to default profiles: default
[INFO ] 2022-06-25T19:36:25,668 [main] AnnotationConfigServletWebServerApplicationContext - Refreshing org.springframework.boot.web.servlet.context.AnnotationConfigServletWebServerApplicationContext@2c78d320: startup date [Sun Jun 26 01:06:25 IST 2022]; root of context hierarchy
[INFO ] 2022-06-25T19:36:26,950 [main] TomcatWebServer - Tomcat initialized with port(s): 50005 (http)
[INFO ] 2022-06-25T19:36:26,966 [main] Http11NioProtocol - Initializing ProtocolHandler ["http-nio-50005"]
[INFO ] 2022-06-25T19:36:26,982 [main] StandardService - Starting service [Tomcat]
[INFO ] 2022-06-25T19:36:26,982 [main] StandardEngine - Starting Servlet Engine: Apache Tomcat/8.5.31
[INFO ] 2022-06-25T19:36:26,982 [localhost-startStop-1] AprLifecycleListener - The APR based Apache Tomcat Native library which allows optimal performance in production environments was not found on the java.library.path: [C:\Program Files\Java\jdk1.8.0_202\bin;C:\WINDOWS\Sun\Java\bin;C:\WINDOWS\system32;C:\WINDOWS;C:\Program Files (x86)\Common Files\Oracle\Java\javapath;C:\WINDOWS\system32;C:\WINDOWS;C:\WINDOWS\System32\Wbem;C:\WINDOWS\System32\WindowsPowerShell\v1.0\;C:\WINDOWS\System32\OpenSSH\;C:\Users\shasameer\AppData\Local\Microsoft\WindowsApps;C:\Program Files\Git\cmd;C:\Users\shasameer\AppData\Local\Microsoft\WindowsApps;C:\Users\shasameer\AppData\Local\Programs\Microsoft VS Code\bin;C:\Program Files\Java\jdk1.8.0_202\bin;;.]
[INFO ] 2022-06-25T19:36:27,111 [localhost-startStop-1] [/] - Initializing Spring embedded WebApplicationContext
[INFO ] 2022-06-25T19:36:27,111 [localhost-startStop-1] ContextLoader - Root WebApplicationContext: initialization completed in 1443 ms
[INFO ] 2022-06-25T19:36:27,255 [localhost-startStop-1] ServletRegistrationBean - Servlet dispatcherServlet mapped to [/]
[INFO ] 2022-06-25T19:36:27,258 [localhost-startStop-1] FilterRegistrationBean - Mapping filter: 'characterEncodingFilter' to: [/*]
[INFO ] 2022-06-25T19:36:27,258 [localhost-startStop-1] FilterRegistrationBean - Mapping filter: 'hiddenHttpMethodFilter' to: [/*]
[INFO ] 2022-06-25T19:36:27,258 [localhost-startStop-1] FilterRegistrationBean - Mapping filter: 'httpPutFormContentFilter' to: [/*]
[INFO ] 2022-06-25T19:36:27,258 [localhost-startStop-1] FilterRegistrationBean - Mapping filter: 'requestContextFilter' to: [/*]
[INFO ] 2022-06-25T19:36:30,936 [main] RPCClient - Startup took 1616 msec
[INFO ] 2022-06-25T19:36:31,436 [main] SimpleUrlHandlerMapping - Mapped URL path [/**/favicon.ico] onto handler of type [class org.springframework.web.servlet.resource.ResourceHttpRequestHandler]
[INFO ] 2022-06-25T19:36:31,580 [main] RequestMappingHandlerAdapter - Looking for @ControllerAdvice: org.springframework.boot.web.servlet.context.AnnotationConfigServletWebServerApplicationContext@2c78d320: startup date [Sun Jun 26 01:06:25 IST 2022]; root of context hierarchy
[INFO ] 2022-06-25T19:36:31,759 [main] RequestMappingHandlerMapping - Mapped "{[/status],methods=[GET],produces=[text/plain]}" onto private java.lang.String net.corda.samples.example.webserver.Controller.status()
[INFO ] 2022-06-25T19:36:31,759 [main] RequestMappingHandlerMapping - Mapped "{[/states],methods=[GET],produces=[text/plain]}" onto private java.lang.String net.corda.samples.example.webserver.Controller.states()
[INFO ] 2022-06-25T19:36:31,759 [main] RequestMappingHandlerMapping - Mapped "{[/addresses],methods=[GET],produces=[text/plain]}" onto private java.lang.String net.corda.samples.example.webserver.Controller.addresses()
[INFO ] 2022-06-25T19:36:31,759 [main] RequestMappingHandlerMapping - Mapped "{[/me],methods=[GET],produces=[application/json]}" onto private java.util.HashMap<java.lang.String, java.lang.String> net.corda.samples.example.webserver.Controller.whoami()
[INFO ] 2022-06-25T19:36:31,759 [main] RequestMappingHandlerMapping - Mapped "{[/ious],methods=[GET],produces=[application/json]}" onto public java.util.List<net.corda.core.contracts.StateAndRef<net.corda.samples.example.states.IOUState>> net.corda.samples.example.webserver.Controller.getIOUs()
[INFO ] 2022-06-25T19:36:31,759 [main] RequestMappingHandlerMapping - Mapped "{[/notaries],methods=[GET],produces=[text/plain]}" onto private java.lang.String net.corda.samples.example.webserver.Controller.notaries()
[INFO ] 2022-06-25T19:36:31,759 [main] RequestMappingHandlerMapping - Mapped "{[/identities],methods=[GET],produces=[text/plain]}" onto private java.lang.String net.corda.samples.example.webserver.Controller.identities()
[INFO ] 2022-06-25T19:36:31,759 [main] RequestMappingHandlerMapping - Mapped "{[/create-iou],methods=[POST],consumes=[application/x-www-form-urlencoded],produces=[text/plain]}" onto public org.springframework.http.ResponseEntity<java.lang.String> net.corda.samples.example.webserver.Controller.issueIOU(javax.servlet.http.HttpServletRequest) throws java.lang.IllegalArgumentException
[INFO ] 2022-06-25T19:36:31,759 [main] RequestMappingHandlerMapping - Mapped "{[/platformversion],methods=[GET],produces=[text/plain]}" onto private java.lang.String net.corda.samples.example.webserver.Controller.platformVersion()
[INFO ] 2022-06-25T19:36:31,768 [main] RequestMappingHandlerMapping - Mapped "{[/peers],methods=[GET],produces=[application/json]}" onto public java.util.HashMap<java.lang.String, java.util.List<java.lang.String>> net.corda.samples.example.webserver.Controller.getPeers()
[INFO ] 2022-06-25T19:36:31,768 [main] RequestMappingHandlerMapping - Mapped "{[/servertime],methods=[GET],produces=[text/plain]}" onto private java.lang.String net.corda.samples.example.webserver.Controller.serverTime()
[INFO ] 2022-06-25T19:36:31,768 [main] RequestMappingHandlerMapping - Mapped "{[/my-ious],methods=[GET],produces=[application/json]}" onto public org.springframework.http.ResponseEntity<java.util.List<net.corda.core.contracts.StateAndRef<net.corda.samples.example.states.IOUState>>> net.corda.samples.example.webserver.Controller.getMyIOUs()
[INFO ] 2022-06-25T19:36:31,768 [main] RequestMappingHandlerMapping - Mapped "{[/flows],methods=[GET],produces=[text/plain]}" onto private java.lang.String net.corda.samples.example.webserver.Controller.flows()
[INFO ] 2022-06-25T19:36:31,768 [main] RequestMappingHandlerMapping - Mapped "{[/error]}" onto public org.springframework.http.ResponseEntity<java.util.Map<java.lang.String, java.lang.Object>> org.springframework.boot.autoconfigure.web.servlet.error.BasicErrorController.error(javax.servlet.http.HttpServletRequest)
[INFO ] 2022-06-25T19:36:31,768 [main] RequestMappingHandlerMapping - Mapped "{[/error],produces=[text/html]}" onto public org.springframework.web.servlet.ModelAndView org.springframework.boot.autoconfigure.web.servlet.error.BasicErrorController.errorHtml(javax.servlet.http.HttpServletRequest,javax.servlet.http.HttpServletResponse)
[INFO ] 2022-06-25T19:36:31,785 [main] SimpleUrlHandlerMapping - Mapped URL path [/webjars/**] onto handler of type [class org.springframework.web.servlet.resource.ResourceHttpRequestHandler]
[INFO ] 2022-06-25T19:36:31,785 [main] SimpleUrlHandlerMapping - Mapped URL path [/**] onto handler of type [class org.springframework.web.servlet.resource.ResourceHttpRequestHandler]
[INFO ] 2022-06-25T19:36:31,824 [main] WelcomePageHandlerMapping - Adding welcome page: class path resource [static/index.html]
[INFO ] 2022-06-25T19:36:31,978 [main] AnnotationMBeanExporter - Registering beans for JMX exposure on startup
[INFO ] 2022-06-25T19:36:31,993 [main] Http11NioProtocol - Starting ProtocolHandler ["http-nio-50005"]
[INFO ] 2022-06-25T19:36:32,004 [main] NioSelectorPool - Using a shared selector for servlet write/read
[INFO ] 2022-06-25T19:36:32,020 [main] TomcatWebServer - Tomcat started on port(s): 50005 (http) with context path ''
[INFO ] 2022-06-25T19:36:32,027 [main] Starter - Started Starter in 7.051 seconds (JVM running for 7.964)
[INFO ] 2022-06-25T19:38:37,121 [http-nio-50005-exec-2] [/] - Initializing Spring FrameworkServlet 'dispatcherServlet'
[INFO ] 2022-06-25T19:38:37,121 [http-nio-50005-exec-2] DispatcherServlet - FrameworkServlet 'dispatcherServlet': initialization started
[INFO ] 2022-06-25T19:38:37,162 [http-nio-50005-exec-2] DispatcherServlet - FrameworkServlet 'dispatcherServlet': initialization completed in 41 ms
[WARN ] 2022-06-25T19:40:03,938 [Thread-2 (ActiveMQ-client-factory-threads-914171926)] RPCClientProxyHandler - Terminating observables.
